<?xml version="1.0" encoding="UTF-8"?>
<!-- Generated by org.testng.reporters.JUnitReportReporter -->
<testsuite hostname="W2027393" name="Basics" tests="1" failures="0" timestamp="9 Aug 2021 19:21:05 GMT" time="4.521" errors="0">
  <testcase name="test1" time="4.521" classname="Basics"/>
</testsuite> <!-- Basics -->
