<?xml version="1.0" encoding="UTF-8"?>
<!-- Generated by org.testng.reporters.JUnitReportReporter -->
<testsuite hostname="W2027393" name="Tests.Basics" tests="2" failures="0" timestamp="23 Aug 2021 14:59:26 GMT" time="6.041" errors="0">
  <testcase name="createEnounterTest" time="2.170" classname="Tests.Basics"/>
  <testcase name="createPersonTest" time="3.871" classname="Tests.Basics"/>
</testsuite> <!-- Tests.Basics -->
